{"numTotalTestSuites":5,"numPassedTestSuites":5,"numFailedTestSuites":0,"numPendingTestSuites":0,"numTotalTests":37,"numPassedTests":37,"numFailedTests":0,"numPendingTests":0,"numTodoTests":0,"snapshot":{"added":0,"failure":false,"filesAdded":0,"filesRemoved":0,"filesRemovedList":[],"filesUnmatched":0,"filesUpdated":0,"matched":0,"total":0,"unchecked":0,"uncheckedKeysByFile":[],"unmatched":0,"updated":0,"didUpdate":false},"startTime":1789073923829,"success":true,"testResults":[{"assertionResults":[{"ancestorTitles":[],"fullName":"whole-turn and split-turn budget sweep preserves well-formed parallel tool pairs in each partition","status":"passed","title":"whole-turn and split-turn budget sweep preserves well-formed parallel tool pairs in each partition","duration":11.260542000000015,"failureMessages":[],"meta":{},"tags":[]},{"ancestorTitles":[],"fullName":"source boundary: malformed orphan results and unresolved tool calls are not rejected","status":"passed","title":"source boundary: malformed orphan results and unresolved tool calls are not rejected","duration":0.8016250000000014,"failureMessages":[],"meta":{},"tags":[]},{"ancestorTitles":[],"fullName":"metadata and branch-summary cut boundaries differ from message token accounting","status":"passed","title":"metadata and branch-summary cut boundaries differ from message token accounting","duration":0.22466600000001336,"failureMessages":[],"meta":{},"tags":[]},{"ancestorTitles":[],"fullName":"iterative preparation retains exact message references, previous summary and filtered file facts","status":"passed","title":"iterative preparation retains exact message references, previous summary and filtered file facts","duration":2.5396659999999827,"failureMessages":[],"meta":{},"tags":[]},{"ancestorTitles":[],"fullName":"sequential history-prefix requests preserve options, sum usage and stop on second failure","status":"passed","title":"sequential history-prefix requests preserve options, sum usage and stop on second failure","duration":0.7388339999999971,"failureMessages":[],"meta":{},"tags":[]},{"ancestorTitles":[],"fullName":"source response validation: length, empty and tool-call summaries succeed; thrown errors escape","status":"passed","title":"source response validation: length, empty and tool-call summaries succeed; thrown errors escape","duration":0.6512919999999838,"failureMessages":[],"meta":{},"tags":[]},{"ancestorTitles":[],"fullName":"actual AbortSignal propagates; cooperative request aborts, ignored abort can still return success","status":"passed","title":"actual AbortSignal propagates; cooperative request aborts, ignored abort can still return success","duration":0.4142500000000098,"failureMessages":[],"meta":{},"tags":[]},{"ancestorTitles":[],"fullName":"real retry implementation: transient retries, quota stops, abort during backoff stops retry","status":"passed","title":"real retry implementation: transient retries, quota stops, abort during backoff stops retry","duration":1.7754589999999837,"failureMessages":[],"meta":{},"tags":[]},{"ancestorTitles":[],"fullName":"summary request options force context signal, telemetry and no-cache while retaining explicit routing","status":"passed","title":"summary request options force context signal, telemetry and no-cache while retaining explicit routing","duration":0.15504199999998036,"failureMessages":[],"meta":{},"tags":[]},{"ancestorTitles":[],"fullName":"serialization boundary truncates tool data and omits image/hidden shell content; files remain call-derived","status":"passed","title":"serialization boundary truncates tool data and omits image/hidden shell content; files remain call-derived","duration":0.21437499999998977,"failureMessages":[],"meta":{},"tags":[]},{"ancestorTitles":[],"fullName":"branch boundary: collection uses injected session reader, not persistence; excludes common and target sides","status":"passed","title":"branch boundary: collection uses injected session reader, not persistence; excludes common and target sides","duration":0.32141599999999926,"failureMessages":[],"meta":{},"tags":[]},{"ancestorTitles":[],"fullName":"branch summary budget and generation differ: tool results omitted, metadata can survive dropped text","status":"passed","title":"branch summary budget and generation differ: tool results omitted, metadata can survive dropped text","duration":0.641208000000006,"failureMessages":[],"meta":{},"tags":[]},{"ancestorTitles":[],"fullName":"token arithmetic boundary is heuristic; disabled prepare and empty-summary requests are caller responsibility","status":"passed","title":"token arithmetic boundary is heuristic; disabled prepare and empty-summary requests are caller responsibility","duration":0.38154199999999605,"failureMessages":[],"meta":{},"tags":[]}],"startTime":1789073923991,"endTime":1789073924011.641,"status":"passed","message":"","name":"/Users/wangweiyang/.codex/worktrees/38de/zenpi/.ops/stage1-worker/source012/probe.test.ts"},{"assertionResults":[{"ancestorTitles":["v4 branch summarization"],"fullName":"v4 branch summarization collects the abandoned side of a branch in chronological order","status":"passed","title":"collects the abandoned side of a branch in chronological order","duration":1.0181249999999977,"failureMessages":[],"meta":{},"tags":[]},{"ancestorTitles":["v4 branch summarization"],"fullName":"v4 branch summarization returns no entries when there was no previous leaf","status":"passed","title":"returns no entries when there was no previous leaf","duration":0.09787500000000193,"failureMessages":[],"meta":{},"tags":[]}],"startTime":1789073924190,"endTime":1789073924191.098,"status":"passed","message":"","name":"/Users/wangweiyang/.codex/worktrees/38de/zenpi/.ops/stage1-worker/source012/source/packages/agent/test/harness/branch-summarization.test.ts"},{"assertionResults":[{"ancestorTitles":["harness compaction"],"fullName":"harness compaction calculates total context tokens from usage","status":"passed","title":"calculates total context tokens from usage","duration":0.7063749999999942,"failureMessages":[],"meta":{},"tags":[]},{"ancestorTitles":["harness compaction"],"fullName":"harness compaction checks compaction threshold","status":"passed","title":"checks compaction threshold","duration":0.1214170000000081,"failureMessages":[],"meta":{},"tags":[]},{"ancestorTitles":["harness compaction"],"fullName":"harness compaction finds a cut point based on token differences","status":"passed","title":"finds a cut point based on token differences","duration":0.2589579999999927,"failureMessages":[],"meta":{},"tags":[]},{"ancestorTitles":["harness compaction"],"fullName":"harness compaction covers cut-point and turn-start edge cases","status":"passed","title":"covers cut-point and turn-start edge cases","duration":0.4235000000000042,"failureMessages":[],"meta":{},"tags":[]},{"ancestorTitles":["harness compaction"],"fullName":"harness compaction estimates tokens and context usage across supported message roles","status":"passed","title":"estimates tokens and context usage across supported message roles","duration":0.5800410000000085,"failureMessages":[],"meta":{},"tags":[]},{"ancestorTitles":["harness compaction"],"fullName":"harness compaction builds session context with a compaction entry","status":"passed","title":"builds session context with a compaction entry","duration":0.42950000000000443,"failureMessages":[],"meta":{},"tags":[]},{"ancestorTitles":["harness compaction"],"fullName":"harness compaction prepares compaction using the latest compaction summary as previousSummary","status":"passed","title":"prepares compaction using the latest compaction summary as previousSummary","duration":0.24312499999999204,"failureMessages":[],"meta":{},"tags":[]},{"ancestorTitles":["harness compaction"],"fullName":"harness compaction carries a previous compaction's retained tail into the next preparation","status":"passed","title":"carries a previous compaction's retained tail into the next preparation","duration":0.134208000000001,"failureMessages":[],"meta":{},"tags":[]},{"ancestorTitles":["harness compaction"],"fullName":"harness compaction prepares split-turn compaction with prior file-operation details","status":"passed","title":"prepares split-turn compaction with prior file-operation details","duration":0.269874999999999,"failureMessages":[],"meta":{},"tags":[]},{"ancestorTitles":["harness compaction"],"fullName":"harness compaction does not prepare compaction when there is nothing valid to compact","status":"passed","title":"does not prepare compaction when there is nothing valid to compact","duration":0.1058749999999975,"failureMessages":[],"meta":{},"tags":[]},{"ancestorTitles":["harness compaction"],"fullName":"harness compaction serializes conversation with truncated tool results","status":"passed","title":"serializes conversation with truncated tool results","duration":0.15087500000001342,"failureMessages":[],"meta":{},"tags":[]},{"ancestorTitles":["harness compaction"],"fullName":"harness compaction passes reasoning through generateSummary only for reasoning models with thinking enabled","status":"passed","title":"passes reasoning through generateSummary only for reasoning models with thinking enabled","duration":3.463958000000005,"failureMessages":[],"meta":{},"tags":[]},{"ancestorTitles":["harness compaction"],"fullName":"harness compaction includes previous summaries and custom instructions in generateSummary prompts","status":"passed","title":"includes previous summaries and custom instructions in generateSummary prompts","duration":0.2896250000000009,"failureMessages":[],"meta":{},"tags":[]},{"ancestorTitles":["harness compaction"],"fullName":"harness compaction preserves the string result from generateSummary","status":"passed","title":"preserves the string result from generateSummary","duration":0.18666699999999992,"failureMessages":[],"meta":{},"tags":[]},{"ancestorTitles":["harness compaction"],"fullName":"harness compaction returns error results for failed or aborted summary generations","status":"passed","title":"returns error results for failed or aborted summary generations","duration":0.33799999999999386,"failureMessages":[],"meta":{},"tags":[]},{"ancestorTitles":["harness compaction"],"fullName":"harness compaction clamps compaction summary maxTokens to the model output cap","status":"passed","title":"clamps compaction summary maxTokens to the model output cap","duration":0.4844580000000036,"failureMessages":[],"meta":{},"tags":[]},{"ancestorTitles":["harness compaction"],"fullName":"harness compaction retains per-request retries for non-harness compaction callers","status":"passed","title":"retains per-request retries for non-harness compaction callers","duration":1.907708999999997,"failureMessages":[],"meta":{},"tags":[]},{"ancestorTitles":["harness compaction"],"fullName":"harness compaction returns compaction error results without throwing","status":"passed","title":"returns compaction error results without throwing","duration":0.18779100000000426,"failureMessages":[],"meta":{},"tags":[]},{"ancestorTitles":["harness compaction"],"fullName":"harness compaction combines usage for split-turn compaction summaries","status":"passed","title":"combines usage for split-turn compaction summaries","duration":0.14358300000000668,"failureMessages":[],"meta":{},"tags":[]},{"ancestorTitles":["harness compaction"],"fullName":"harness compaction passes reasoning through turn-prefix summaries when enabled","status":"passed","title":"passes reasoning through turn-prefix summaries when enabled","duration":0.14300000000000068,"failureMessages":[],"meta":{},"tags":[]},{"ancestorTitles":["harness compaction"],"fullName":"harness compaction returns turn-prefix compaction errors without throwing","status":"passed","title":"returns turn-prefix compaction errors without throwing","duration":0.19958400000000154,"failureMessages":[],"meta":{},"tags":[]},{"ancestorTitles":["harness compaction"],"fullName":"harness compaction returns a compaction result with file details","status":"passed","title":"returns a compaction result with file details","duration":0.15954200000000185,"failureMessages":[],"meta":{},"tags":[]}],"startTime":1789073924099,"endTime":1789073924110.1995,"status":"passed","message":"","name":"/Users/wangweiyang/.codex/worktrees/38de/zenpi/.ops/stage1-worker/source012/source/packages/agent/test/harness/compaction.test.ts"}]}