{"numTotalTestSuites":13,"numPassedTestSuites":13,"numFailedTestSuites":0,"numPendingTestSuites":0,"numTotalTests":25,"numPassedTests":25,"numFailedTests":0,"numPendingTests":0,"numTodoTests":0,"snapshot":{"added":0,"failure":false,"filesAdded":0,"filesRemoved":0,"filesRemovedList":[],"filesUnmatched":0,"filesUpdated":0,"matched":0,"total":0,"unchecked":0,"uncheckedKeysByFile":[],"unmatched":0,"updated":0,"didUpdate":false},"startTime":1789081318220,"success":true,"testResults":[{"assertionResults":[{"ancestorTitles":[],"fullName":"actual fd honors nonrepo hierarchical ignore, hidden matches and nested repository boundaries","status":"passed","title":"actual fd honors nonrepo hierarchical ignore, hidden matches and nested repository boundaries","duration":358.84062500000005,"failureMessages":[],"meta":{},"tags":[]},{"ancestorTitles":[],"fullName":"actual fd applies relative/absolute path globs, context cwd and explicit sibling search root","status":"passed","title":"actual fd applies relative/absolute path globs, context cwd and explicit sibling search root","duration":33.775499999999965,"failureMessages":[],"meta":{},"tags":[]},{"ancestorTitles":[],"fullName":"actual fd filename whitespace/newline and symlink output reveal line-protocol limitations","status":"passed","title":"actual fd filename whitespace/newline and symlink output reveal line-protocol limitations","duration":12.946458000000007,"failureMessages":[],"meta":{},"tags":[]},{"ancestorTitles":[],"fullName":"actual fd limit flag is conservative at exact equality, zero is not a positive cap, byte truncation has no full path","status":"passed","title":"actual fd limit flag is conservative at exact equality, zero is not a positive cap, byte truncation has no full path","duration":73.14825000000008,"failureMessages":[],"meta":{},"tags":[]},{"ancestorTitles":[],"fullName":"custom glob passes ignore/limit but trusts returned count and paths including escapes","status":"passed","title":"custom glob passes ignore/limit but trusts returned count and paths including escapes","duration":0.6224170000000413,"failureMessages":[],"meta":{},"tags":[]},{"ancestorTitles":[],"fullName":"custom async glob abort settles before operation completes and does not cancel underlying work","status":"passed","title":"custom async glob abort settles before operation completes and does not cancel underlying work","duration":7.051290999999992,"failureMessages":[],"meta":{},"tags":[]},{"ancestorTitles":[],"fullName":"default spawn fault fixtures expose exact argv, partial-error success, blank-error success and pre-reap cancellation","status":"passed","title":"default spawn fault fixtures expose exact argv, partial-error success, blank-error success and pre-reap cancellation","duration":843.770625,"failureMessages":[],"meta":{},"tags":[]},{"ancestorTitles":[],"fullName":"default actual spawn rejects non-executable fd and offline missing-tool path without network","status":"passed","title":"default actual spawn rejects non-executable fd and offline missing-tool path without network","duration":2.2303329999999733,"failureMessages":[],"meta":{},"tags":[]}],"startTime":1789081318405,"endTime":1789081319737.2302,"status":"passed","message":"","name":"/Users/wangweiyang/GitHub/zenpi/.ops/stage1_execution/source027-integration/work/probe.test.ts"},{"assertionResults":[{"ancestorTitles":["issue #3302 find returns no results for path-based glob patterns"],"fullName":"issue #3302 find returns no results for path-based glob patterns basename pattern still matches (regression-safe)","status":"passed","title":"basename pattern still matches (regression-safe)","duration":49.386208999999994,"failureMessages":[],"meta":{},"tags":[]},{"ancestorTitles":["issue #3302 find returns no results for path-based glob patterns"],"fullName":"issue #3302 find returns no results for path-based glob patterns directory-prefixed pattern with ** tail matches subtree","status":"passed","title":"directory-prefixed pattern with ** tail matches subtree","duration":10.544166000000018,"failureMessages":[],"meta":{},"tags":[]},{"ancestorTitles":["issue #3302 find returns no results for path-based glob patterns"],"fullName":"issue #3302 find returns no results for path-based glob patterns leading ** wildcard with path segments matches","status":"passed","title":"leading ** wildcard with path segments matches","duration":10.656082999999995,"failureMessages":[],"meta":{},"tags":[]},{"ancestorTitles":["issue #3302 find returns no results for path-based glob patterns"],"fullName":"issue #3302 find returns no results for path-based glob patterns src/**/*.spec.ts matches nested spec file","status":"passed","title":"src/**/*.spec.ts matches nested spec file","duration":10.245916000000022,"failureMessages":[],"meta":{},"tags":[]}],"startTime":1789081319863,"endTime":1789081319944.2458,"status":"passed","message":"","name":"/Users/wangweiyang/GitHub/zenpi/.ops/stage1_execution/source027-integration/work/source/packages/coding-agent/test/suite/regressions/3302-find-path-glob.test.ts"},{"assertionResults":[{"ancestorTitles":["issue #3303 nested .gitignore rules leak into sibling directories","flat sibling case"],"fullName":"issue #3303 nested .gitignore rules leak into sibling directories flat sibling case applies a/.gitignore only inside a/ and leaves b/ untouched","status":"passed","title":"applies a/.gitignore only inside a/ and leaves b/ untouched","duration":12.465625000000003,"failureMessages":[],"meta":{},"tags":[]},{"ancestorTitles":["issue #3303 nested .gitignore rules leak into sibling directories","deeply nested case"],"fullName":"issue #3303 nested .gitignore rules leak into sibling directories deeply nested case scopes each .gitignore to its own subtree","status":"passed","title":"scopes each .gitignore to its own subtree","duration":8.961416999999983,"failureMessages":[],"meta":{},"tags":[]}],"startTime":1789081320075,"endTime":1789081320095.9614,"status":"passed","message":"","name":"/Users/wangweiyang/GitHub/zenpi/.ops/stage1_execution/source027-integration/work/source/packages/coding-agent/test/suite/regressions/3303-find-nested-gitignore.test.ts"},{"assertionResults":[{"ancestorTitles":["issue #6104 find relativizes root search paths","Windows drive root"],"fullName":"issue #6104 find relativizes root search paths Windows drive root preserves the first segment and emits one trailing slash for fd directory output","status":"passed","title":"preserves the first segment and emits one trailing slash for fd directory output","duration":0.813208000000003,"failureMessages":[],"meta":{},"tags":[]},{"ancestorTitles":["issue #6104 find relativizes root search paths","Windows drive root"],"fullName":"issue #6104 find relativizes root search paths Windows drive root handles fd output that uses forward slashes under a drive root","status":"passed","title":"handles fd output that uses forward slashes under a drive root","duration":0.08866700000000094,"failureMessages":[],"meta":{},"tags":[]},{"ancestorTitles":["issue #6104 find relativizes root search paths","Windows drive root"],"fullName":"issue #6104 find relativizes root search paths Windows drive root keeps deeper search paths unchanged","status":"passed","title":"keeps deeper search paths unchanged","duration":0.06254200000000765,"failureMessages":[],"meta":{},"tags":[]},{"ancestorTitles":["issue #6104 find relativizes root search paths","Windows drive root"],"fullName":"issue #6104 find relativizes root search paths Windows drive root does not relativize a sibling directory that shares a name prefix","status":"passed","title":"does not relativize a sibling directory that shares a name prefix","duration":0.07729199999999992,"failureMessages":[],"meta":{},"tags":[]},{"ancestorTitles":["issue #6104 find relativizes root search paths","Windows drive root"],"fullName":"issue #6104 find relativizes root search paths Windows drive root normalizes relative custom-glob results without corrupting them","status":"passed","title":"normalizes relative custom-glob results without corrupting them","duration":0.06737499999999841,"failureMessages":[],"meta":{},"tags":[]},{"ancestorTitles":["issue #6104 find relativizes root search paths","POSIX root"],"fullName":"issue #6104 find relativizes root search paths POSIX root preserves the first segment for files under /","status":"passed","title":"preserves the first segment for files under /","duration":0.06258300000000361,"failureMessages":[],"meta":{},"tags":[]},{"ancestorTitles":["issue #6104 find relativizes root search paths","POSIX root"],"fullName":"issue #6104 find relativizes root search paths POSIX root preserves the first segment and one trailing slash for directories under /","status":"passed","title":"preserves the first segment and one trailing slash for directories under /","duration":0.06012499999999932,"failureMessages":[],"meta":{},"tags":[]},{"ancestorTitles":["issue #6104 find relativizes root search paths","POSIX root"],"fullName":"issue #6104 find relativizes root search paths POSIX root preserves backslashes in POSIX filenames","status":"passed","title":"preserves backslashes in POSIX filenames","duration":0.060625000000001705,"failureMessages":[],"meta":{},"tags":[]},{"ancestorTitles":["issue #6104 find relativizes root search paths","absolute results outside the search path"],"fullName":"issue #6104 find relativizes root search paths absolute results outside the search path falls back to path.relative when the absolute paths do not share a prefix","status":"passed","title":"falls back to path.relative when the absolute paths do not share a prefix","duration":0.07637499999999875,"failureMessages":[],"meta":{},"tags":[]},{"ancestorTitles":["issue #6104 find relativizes root search paths","absolute results outside the search path"],"fullName":"issue #6104 find relativizes root search paths absolute results outside the search path keeps a trailing slash on directories resolved through path.relative","status":"passed","title":"keeps a trailing slash on directories resolved through path.relative","duration":0.09279099999999119,"failureMessages":[],"meta":{},"tags":[]},{"ancestorTitles":["issue #6104 find relativizes root search paths","through the find tool"],"fullName":"issue #6104 find relativizes root search paths through the find tool relativizes custom glob results against a root search path","status":"passed","title":"relativizes custom glob results against a root search path","duration":0.5961250000000007,"failureMessages":[],"meta":{},"tags":[]}],"startTime":1789081320225,"endTime":1789081320227.5962,"status":"passed","message":"","name":"/Users/wangweiyang/GitHub/zenpi/.ops/stage1_execution/source027-integration/work/source/packages/coding-agent/test/suite/regressions/6104-find-root-relativization.test.ts"}]}