{"numTotalTestSuites":1,"numPassedTestSuites":0,"numFailedTestSuites":1,"numPendingTestSuites":0,"numTotalTests":5,"numPassedTests":4,"numFailedTests":1,"numPendingTests":0,"numTodoTests":0,"snapshot":{"added":0,"failure":false,"filesAdded":0,"filesRemoved":0,"filesRemovedList":[],"filesUnmatched":0,"filesUpdated":0,"matched":0,"total":0,"unchecked":0,"uncheckedKeysByFile":[],"unmatched":0,"updated":0,"didUpdate":false},"startTime":1789083899230,"success":false,"testResults":[{"assertionResults":[{"ancestorTitles":[],"fullName":"D053-01 real bash spill is found by fd and searched by rg in this and a fresh process","status":"passed","title":"D053-01 real bash spill is found by fd and searched by rg in this and a fresh process","duration":518.9715000000001,"failureMessages":[],"meta":{},"tags":[]},{"ancestorTitles":[],"fullName":"D053-02 real rg regex literal ignore hidden and context behavior stays distinct from file discovery","status":"failed","title":"D053-02 real rg regex literal ignore hidden and context behavior stays distinct from file discovery","duration":9.925415999999927,"failureMessages":["AssertionError: expected 'kept.txt:2: alpha1\\nignored.txt:1: al…' not to contain 'ignored.txt'\n    at /Users/wangweiyang/.codex/worktrees/38de/zenpi/.ops/stage1-worker/directory053/directory.test.ts:34:206\n    at file:///Users/wangweiyang/.codex/worktrees/38de/zenpi/.ops/stage1-worker/source025/runtime/node_modules/@vitest/runner/dist/chunk-artifact.js:1903:20"],"meta":{},"tags":[]},{"ancestorTitles":[],"fullName":"D053-03 zero limit and truncation metadata differ between grep and find","status":"passed","title":"D053-03 zero limit and truncation metadata differ between grep and find","duration":11.33462499999996,"failureMessages":[],"meta":{},"tags":[]},{"ancestorTitles":[],"fullName":"D053-04 all wrappers reject pre-abort; real rg syntax and missing-path errors remain errors","status":"passed","title":"D053-04 all wrappers reject pre-abort; real rg syntax and missing-path errors remain errors","duration":3.7492089999999507,"failureMessages":[],"meta":{},"tags":[]},{"ancestorTitles":[],"fullName":"D053-05 rg context formatting after child close ignores late abort and rereads changed file","status":"passed","title":"D053-05 rg context formatting after child close ignores late abort and rereads changed file","duration":5.15158299999996,"failureMessages":[],"meta":{},"tags":[]}],"startTime":1789083899450,"endTime":1789083899999.1516,"status":"failed","message":"","name":"/Users/wangweiyang/.codex/worktrees/38de/zenpi/.ops/stage1-worker/directory053/directory.test.ts"}]}