{"numTotalTestSuites":5,"numPassedTestSuites":5,"numFailedTestSuites":0,"numPendingTestSuites":0,"numTotalTests":15,"numPassedTests":15,"numFailedTests":0,"numPendingTests":0,"numTodoTests":0,"snapshot":{"added":0,"failure":false,"filesAdded":0,"filesRemoved":0,"filesRemovedList":[],"filesUnmatched":0,"filesUpdated":0,"matched":0,"total":0,"unchecked":0,"uncheckedKeysByFile":[],"unmatched":0,"updated":0,"didUpdate":false},"startTime":1789074485019,"success":true,"testResults":[{"assertionResults":[{"ancestorTitles":[],"fullName":"actual Bash wrapper returns merged stdout/stderr, raw controls, empty output and nonzero status","status":"passed","title":"actual Bash wrapper returns merged stdout/stderr, raw controls, empty output and nonzero status","duration":66.18016700000001,"failureMessages":[],"meta":{},"tags":[]},{"ancestorTitles":[],"fullName":"real environment: stale PI fields removed, context cwd/model injected, prefix and spawn hook apply","status":"passed","title":"real environment: stale PI fields removed, context cwd/model injected, prefix and spawn hook apply","duration":93.248208,"failureMessages":[],"meta":{},"tags":[]},{"ancestorTitles":[],"fullName":"invalid timeout, pre-abort, nonexistent cwd and shell reject before command side effects","status":"passed","title":"invalid timeout, pre-abort, nonexistent cwd and shell reject before command side effects","duration":2.2065830000000233,"failureMessages":[],"meta":{},"tags":[]},{"ancestorTitles":[],"fullName":"actual stdin command transport and exported local BashOperations execute in real shell","status":"passed","title":"actual stdin command transport and exported local BashOperations execute in real shell","duration":4.91616700000003,"failureMessages":[],"meta":{},"tags":[]},{"ancestorTitles":[],"fullName":"line cap spills exact full output and final close is readable at resolution","status":"passed","title":"line cap spills exact full output and final close is readable at resolution","duration":66.69341700000001,"failureMessages":[],"meta":{},"tags":[]},{"ancestorTitles":[],"fullName":"actual split UTF8, oversized single line and invalid raw bytes preserve distinct display/raw semantics","status":"passed","title":"actual split UTF8, oversized single line and invalid raw bytes preserve distinct display/raw semantics","duration":344.50083299999994,"failureMessages":[],"meta":{},"tags":[]},{"ancestorTitles":[],"fullName":"live real-process updates are throttled, can expose a not-yet-final file, and stop after resolution","status":"passed","title":"live real-process updates are throttled, can expose a not-yet-final file, and stop after resolution","duration":756.615916,"failureMessages":[],"meta":{},"tags":[]},{"ancestorTitles":[],"fullName":"actual timeout kills process group, reaps direct process and preserves completed prefix file","status":"passed","title":"actual timeout kills process group, reaps direct process and preserves completed prefix file","duration":791.0300830000001,"failureMessages":[],"meta":{},"tags":[]},{"ancestorTitles":[],"fullName":"actual AbortController kills process group, flushes prefix and emits no later output updates","status":"passed","title":"actual AbortController kills process group, flushes prefix and emits no later output updates","duration":233.85991600000034,"failureMessages":[],"meta":{},"tags":[]},{"ancestorTitles":[],"fullName":"external signal without timeout/abort produces null exit code accepted as success","status":"passed","title":"external signal without timeout/abort produces null exit code accepted as success","duration":43.09183299999995,"failureMessages":[],"meta":{},"tags":[]},{"ancestorTitles":[],"fullName":"active inherited descendant output remains readable past direct-child exit grace","status":"passed","title":"active inherited descendant output remains readable past direct-child exit grace","duration":318.83283299999994,"failureMessages":[],"meta":{},"tags":[]},{"ancestorTitles":[],"fullName":"quiet inherited detached descendant survives successful shell return and needs fixture cleanup","status":"passed","title":"quiet inherited detached descendant survives successful shell return and needs fixture cleanup","duration":187.90404200000012,"failureMessages":[],"meta":{},"tags":[]}],"startTime":1789074485206,"endTime":1789074488115.904,"status":"passed","message":"","name":"/Users/wangweiyang/.codex/worktrees/38de/zenpi/.ops/stage1-worker/source025/probe.test.ts"},{"assertionResults":[{"ancestorTitles":["regression #5208: late bash output callbacks"],"fullName":"regression #5208: late bash output callbacks ignores output callbacks after bash operations resolve","status":"passed","title":"ignores output callbacks after bash operations resolve","duration":22.886167000000015,"failureMessages":[],"meta":{},"tags":[]}],"startTime":1789074488253,"endTime":1789074488275.8862,"status":"passed","message":"","name":"/Users/wangweiyang/.codex/worktrees/38de/zenpi/.ops/stage1-worker/source025/source/packages/coding-agent/test/suite/regressions/5208-late-bash-output.test.ts"},{"assertionResults":[{"ancestorTitles":["issue #5303 bash output truncation past exit"],"fullName":"issue #5303 bash output truncation past exit captures output emitted after exit while a descendant holds stdout open","status":"passed","title":"captures output emitted after exit while a descendant holds stdout open","duration":3.000833000000007,"failureMessages":[],"meta":{},"tags":[]},{"ancestorTitles":["issue #5303 bash output truncation past exit"],"fullName":"issue #5303 bash output truncation past exit resolves after the grace when a descendant holds stdout open but stays quiet","status":"passed","title":"resolves after the grace when a descendant holds stdout open but stays quiet","duration":0.4237089999999881,"failureMessages":[],"meta":{},"tags":[]}],"startTime":1789074488351,"endTime":1789074488354.4238,"status":"passed","message":"","name":"/Users/wangweiyang/.codex/worktrees/38de/zenpi/.ops/stage1-worker/source025/source/packages/coding-agent/test/suite/regressions/5303-bash-output-truncation.test.ts"}]}