{"numTotalTestSuites":1,"numPassedTestSuites":1,"numFailedTestSuites":0,"numPendingTestSuites":0,"numTotalTests":5,"numPassedTests":5,"numFailedTests":0,"numPendingTests":0,"numTodoTests":0,"snapshot":{"added":0,"failure":false,"filesAdded":0,"filesRemoved":0,"filesRemovedList":[],"filesUnmatched":0,"filesUpdated":0,"matched":0,"total":0,"unchecked":0,"uncheckedKeysByFile":[],"unmatched":0,"updated":0,"didUpdate":false},"startTime":1789083941213,"success":true,"testResults":[{"assertionResults":[{"ancestorTitles":[],"fullName":"D053-01 real bash spill is found by fd and searched by rg in this and a fresh process","status":"passed","title":"D053-01 real bash spill is found by fd and searched by rg in this and a fresh process","duration":212.32649999999998,"failureMessages":[],"meta":{},"tags":[]},{"ancestorTitles":[],"fullName":"D053-02 real rg regex literal ignore hidden and context behavior stays distinct from file discovery","status":"passed","title":"D053-02 real rg regex literal ignore hidden and context behavior stays distinct from file discovery","duration":27.620499999999993,"failureMessages":[],"meta":{},"tags":[]},{"ancestorTitles":[],"fullName":"D053-03 zero limit and truncation metadata differ between grep and find","status":"passed","title":"D053-03 zero limit and truncation metadata differ between grep and find","duration":10.675666999999976,"failureMessages":[],"meta":{},"tags":[]},{"ancestorTitles":[],"fullName":"D053-04 all wrappers reject pre-abort; real rg syntax and missing-path errors remain errors","status":"passed","title":"D053-04 all wrappers reject pre-abort; real rg syntax and missing-path errors remain errors","duration":3.755457999999976,"failureMessages":[],"meta":{},"tags":[]},{"ancestorTitles":[],"fullName":"D053-05 rg context formatting after child close ignores late abort and rereads changed file","status":"passed","title":"D053-05 rg context formatting after child close ignores late abort and rereads changed file","duration":6.369000000000028,"failureMessages":[],"meta":{},"tags":[]}],"startTime":1789083941378,"endTime":1789083941639.369,"status":"passed","message":"","name":"/Users/wangweiyang/.codex/worktrees/38de/zenpi/.ops/stage1-worker/directory053/directory.test.ts"}]}