{"numTotalTestSuites":1,"numPassedTestSuites":1,"numFailedTestSuites":0,"numPendingTestSuites":0,"numTotalTests":5,"numPassedTests":5,"numFailedTests":0,"numPendingTests":0,"numTodoTests":0,"snapshot":{"added":0,"failure":false,"filesAdded":0,"filesRemoved":0,"filesRemovedList":[],"filesUnmatched":0,"filesUpdated":0,"matched":0,"total":0,"unchecked":0,"uncheckedKeysByFile":[],"unmatched":0,"updated":0,"didUpdate":false},"startTime":1789186893441,"success":true,"testResults":[{"assertionResults":[{"ancestorTitles":[],"fullName":"D053-01 real bash spill is found by fd and searched by rg in this and a fresh process","status":"passed","title":"D053-01 real bash spill is found by fd and searched by rg in this and a fresh process","duration":2289.474959,"failureMessages":[],"meta":{},"tags":[]},{"ancestorTitles":[],"fullName":"D053-02 real rg regex literal ignore hidden and context behavior stays distinct from file discovery","status":"passed","title":"D053-02 real rg regex literal ignore hidden and context behavior stays distinct from file discovery","duration":36.06795899999997,"failureMessages":[],"meta":{},"tags":[]},{"ancestorTitles":[],"fullName":"D053-03 zero limit and truncation metadata differ between grep and find","status":"passed","title":"D053-03 zero limit and truncation metadata differ between grep and find","duration":11.356999999999971,"failureMessages":[],"meta":{},"tags":[]},{"ancestorTitles":[],"fullName":"D053-04 all wrappers reject pre-abort; real rg syntax and missing-path errors remain errors","status":"passed","title":"D053-04 all wrappers reject pre-abort; real rg syntax and missing-path errors remain errors","duration":5.029750000000149,"failureMessages":[],"meta":{},"tags":[]},{"ancestorTitles":[],"fullName":"D053-05 rg context formatting after child close ignores late abort and rereads changed file","status":"passed","title":"D053-05 rg context formatting after child close ignores late abort and rereads changed file","duration":7.704000000000178,"failureMessages":[],"meta":{},"tags":[]}],"startTime":1789186893653,"endTime":1789186896003.704,"status":"passed","message":"","name":"/Users/wangweiyang/GitHub/zenpi/.ops/stage1_execution/directory053-integration/work/directory.test.ts"}]}