{"numTotalTestSuites":5,"numPassedTestSuites":5,"numFailedTestSuites":0,"numPendingTestSuites":0,"numTotalTests":37,"numPassedTests":37,"numFailedTests":0,"numPendingTests":0,"numTodoTests":0,"snapshot":{"added":0,"failure":false,"filesAdded":0,"filesRemoved":0,"filesRemovedList":[],"filesUnmatched":0,"filesUpdated":0,"matched":0,"total":0,"unchecked":0,"uncheckedKeysByFile":[],"unmatched":0,"updated":0,"didUpdate":false},"startTime":1789194128168,"success":true,"testResults":[{"assertionResults":[{"ancestorTitles":[],"fullName":"whole-turn and split-turn budget sweep preserves well-formed parallel tool pairs in each partition","status":"passed","title":"whole-turn and split-turn budget sweep preserves well-formed parallel tool pairs in each partition","duration":11.192791999999997,"failureMessages":[],"meta":{},"tags":[]},{"ancestorTitles":[],"fullName":"source boundary: malformed orphan results and unresolved tool calls are not rejected","status":"passed","title":"source boundary: malformed orphan results and unresolved tool calls are not rejected","duration":0.7304159999999911,"failureMessages":[],"meta":{},"tags":[]},{"ancestorTitles":[],"fullName":"metadata and branch-summary cut boundaries differ from message token accounting","status":"passed","title":"metadata and branch-summary cut boundaries differ from message token accounting","duration":0.18979200000001129,"failureMessages":[],"meta":{},"tags":[]},{"ancestorTitles":[],"fullName":"iterative preparation retains exact message references, previous summary and filtered file facts","status":"passed","title":"iterative preparation retains exact message references, previous summary and filtered file facts","duration":2.5321670000000154,"failureMessages":[],"meta":{},"tags":[]},{"ancestorTitles":[],"fullName":"sequential history-prefix requests preserve options, sum usage and stop on second failure","status":"passed","title":"sequential history-prefix requests preserve options, sum usage and stop on second failure","duration":0.8347499999999854,"failureMessages":[],"meta":{},"tags":[]},{"ancestorTitles":[],"fullName":"source response validation: length, empty and tool-call summaries succeed; thrown errors escape","status":"passed","title":"source response validation: length, empty and tool-call summaries succeed; thrown errors escape","duration":1.1884579999999971,"failureMessages":[],"meta":{},"tags":[]},{"ancestorTitles":[],"fullName":"actual AbortSignal propagates; cooperative request aborts, ignored abort can still return success","status":"passed","title":"actual AbortSignal propagates; cooperative request aborts, ignored abort can still return success","duration":0.5504170000000101,"failureMessages":[],"meta":{},"tags":[]},{"ancestorTitles":[],"fullName":"real retry implementation: transient retries, quota stops, abort during backoff stops retry","status":"passed","title":"real retry implementation: transient retries, quota stops, abort during backoff stops retry","duration":2.0062499999999943,"failureMessages":[],"meta":{},"tags":[]},{"ancestorTitles":[],"fullName":"summary request options force context signal, telemetry and no-cache while retaining explicit routing","status":"passed","title":"summary request options force context signal, telemetry and no-cache while retaining explicit routing","duration":0.17483300000000668,"failureMessages":[],"meta":{},"tags":[]},{"ancestorTitles":[],"fullName":"serialization boundary truncates tool data and omits image/hidden shell content; files remain call-derived","status":"passed","title":"serialization boundary truncates tool data and omits image/hidden shell content; files remain call-derived","duration":0.226333000000011,"failureMessages":[],"meta":{},"tags":[]},{"ancestorTitles":[],"fullName":"branch boundary: collection uses injected session reader, not persistence; excludes common and target sides","status":"passed","title":"branch boundary: collection uses injected session reader, not persistence; excludes common and target sides","duration":0.36199999999999477,"failureMessages":[],"meta":{},"tags":[]},{"ancestorTitles":[],"fullName":"branch summary budget and generation differ: tool results omitted, metadata can survive dropped text","status":"passed","title":"branch summary budget and generation differ: tool results omitted, metadata can survive dropped text","duration":0.6322499999999991,"failureMessages":[],"meta":{},"tags":[]},{"ancestorTitles":[],"fullName":"token arithmetic boundary is heuristic; disabled prepare and empty-summary requests are caller responsibility","status":"passed","title":"token arithmetic boundary is heuristic; disabled prepare and empty-summary requests are caller responsibility","duration":0.41270799999998076,"failureMessages":[],"meta":{},"tags":[]}],"startTime":1789194128350,"endTime":1789194128371.4126,"status":"passed","message":"","name":"/Users/wangweiyang/GitHub/zenpi/.ops/stage1_execution/source012-integration/work/probe.test.ts"},{"assertionResults":[{"ancestorTitles":["v4 branch summarization"],"fullName":"v4 branch summarization collects the abandoned side of a branch in chronological order","status":"passed","title":"collects the abandoned side of a branch in chronological order","duration":1.0394170000000003,"failureMessages":[],"meta":{},"tags":[]},{"ancestorTitles":["v4 branch summarization"],"fullName":"v4 branch summarization returns no entries when there was no previous leaf","status":"passed","title":"returns no entries when there was no previous leaf","duration":0.10391700000000981,"failureMessages":[],"meta":{},"tags":[]}],"startTime":1789194128570,"endTime":1789194128571.104,"status":"passed","message":"","name":"/Users/wangweiyang/GitHub/zenpi/.ops/stage1_execution/source012-integration/work/source/packages/agent/test/harness/branch-summarization.test.ts"},{"assertionResults":[{"ancestorTitles":["harness compaction"],"fullName":"harness compaction calculates total context tokens from usage","status":"passed","title":"calculates total context tokens from usage","duration":0.8069579999999945,"failureMessages":[],"meta":{},"tags":[]},{"ancestorTitles":["harness compaction"],"fullName":"harness compaction checks compaction threshold","status":"passed","title":"checks compaction threshold","duration":0.1390829999999994,"failureMessages":[],"meta":{},"tags":[]},{"ancestorTitles":["harness compaction"],"fullName":"harness compaction finds a cut point based on token differences","status":"passed","title":"finds a cut point based on token differences","duration":0.3008750000000049,"failureMessages":[],"meta":{},"tags":[]},{"ancestorTitles":["harness compaction"],"fullName":"harness compaction covers cut-point and turn-start edge cases","status":"passed","title":"covers cut-point and turn-start edge cases","duration":0.46487500000000637,"failureMessages":[],"meta":{},"tags":[]},{"ancestorTitles":["harness compaction"],"fullName":"harness compaction estimates tokens and context usage across supported message roles","status":"passed","title":"estimates tokens and context usage across supported message roles","duration":0.6435419999999965,"failureMessages":[],"meta":{},"tags":[]},{"ancestorTitles":["harness compaction"],"fullName":"harness compaction builds session context with a compaction entry","status":"passed","title":"builds session context with a compaction entry","duration":0.514916999999997,"failureMessages":[],"meta":{},"tags":[]},{"ancestorTitles":["harness compaction"],"fullName":"harness compaction prepares compaction using the latest compaction summary as previousSummary","status":"passed","title":"prepares compaction using the latest compaction summary as previousSummary","duration":0.24354099999999335,"failureMessages":[],"meta":{},"tags":[]},{"ancestorTitles":["harness compaction"],"fullName":"harness compaction carries a previous compaction's retained tail into the next preparation","status":"passed","title":"carries a previous compaction's retained tail into the next preparation","duration":0.14325000000000898,"failureMessages":[],"meta":{},"tags":[]},{"ancestorTitles":["harness compaction"],"fullName":"harness compaction prepares split-turn compaction with prior file-operation details","status":"passed","title":"prepares split-turn compaction with prior file-operation details","duration":0.471375000000009,"failureMessages":[],"meta":{},"tags":[]},{"ancestorTitles":["harness compaction"],"fullName":"harness compaction does not prepare compaction when there is nothing valid to compact","status":"passed","title":"does not prepare compaction when there is nothing valid to compact","duration":0.13870900000000574,"failureMessages":[],"meta":{},"tags":[]},{"ancestorTitles":["harness compaction"],"fullName":"harness compaction serializes conversation with truncated tool results","status":"passed","title":"serializes conversation with truncated tool results","duration":0.17541599999999846,"failureMessages":[],"meta":{},"tags":[]},{"ancestorTitles":["harness compaction"],"fullName":"harness compaction passes reasoning through generateSummary only for reasoning models with thinking enabled","status":"passed","title":"passes reasoning through generateSummary only for reasoning models with thinking enabled","duration":3.2205840000000023,"failureMessages":[],"meta":{},"tags":[]},{"ancestorTitles":["harness compaction"],"fullName":"harness compaction includes previous summaries and custom instructions in generateSummary prompts","status":"passed","title":"includes previous summaries and custom instructions in generateSummary prompts","duration":0.24337500000000034,"failureMessages":[],"meta":{},"tags":[]},{"ancestorTitles":["harness compaction"],"fullName":"harness compaction preserves the string result from generateSummary","status":"passed","title":"preserves the string result from generateSummary","duration":0.16783300000000168,"failureMessages":[],"meta":{},"tags":[]},{"ancestorTitles":["harness compaction"],"fullName":"harness compaction returns error results for failed or aborted summary generations","status":"passed","title":"returns error results for failed or aborted summary generations","duration":0.3370000000000033,"failureMessages":[],"meta":{},"tags":[]},{"ancestorTitles":["harness compaction"],"fullName":"harness compaction clamps compaction summary maxTokens to the model output cap","status":"passed","title":"clamps compaction summary maxTokens to the model output cap","duration":0.4782920000000104,"failureMessages":[],"meta":{},"tags":[]},{"ancestorTitles":["harness compaction"],"fullName":"harness compaction retains per-request retries for non-harness compaction callers","status":"passed","title":"retains per-request retries for non-harness compaction callers","duration":1.9920419999999979,"failureMessages":[],"meta":{},"tags":[]},{"ancestorTitles":["harness compaction"],"fullName":"harness compaction returns compaction error results without throwing","status":"passed","title":"returns compaction error results without throwing","duration":0.3561250000000058,"failureMessages":[],"meta":{},"tags":[]},{"ancestorTitles":["harness compaction"],"fullName":"harness compaction combines usage for split-turn compaction summaries","status":"passed","title":"combines usage for split-turn compaction summaries","duration":0.1940410000000128,"failureMessages":[],"meta":{},"tags":[]},{"ancestorTitles":["harness compaction"],"fullName":"harness compaction passes reasoning through turn-prefix summaries when enabled","status":"passed","title":"passes reasoning through turn-prefix summaries when enabled","duration":0.1690409999999929,"failureMessages":[],"meta":{},"tags":[]},{"ancestorTitles":["harness compaction"],"fullName":"harness compaction returns turn-prefix compaction errors without throwing","status":"passed","title":"returns turn-prefix compaction errors without throwing","duration":0.2515420000000006,"failureMessages":[],"meta":{},"tags":[]},{"ancestorTitles":["harness compaction"],"fullName":"harness compaction returns a compaction result with file details","status":"passed","title":"returns a compaction result with file details","duration":0.20187499999998693,"failureMessages":[],"meta":{},"tags":[]}],"startTime":1789194128470,"endTime":1789194128482.2515,"status":"passed","message":"","name":"/Users/wangweiyang/GitHub/zenpi/.ops/stage1_execution/source012-integration/work/source/packages/agent/test/harness/compaction.test.ts"}]}